This is pdfTeX, Version 3.14159265-2.6-1.40.15 (TeX Live 2014) (preloaded format=pdflatex 2014.5.25)  26 FEB 2015 20:20
entering extended mode
 restricted \write18 enabled.
 %&-line parsing enabled.
**\input "SR,TA,AS,RB - HW2Hidimdata.tex"
(./SR,TA,AS,RB - HW2Hidimdata.tex
(/usr/local/texlive/2014/texmf-dist/tex/latex/base/article.cls
Document Class: article 2007/10/19 v1.4h Standard LaTeX document class
(/usr/local/texlive/2014/texmf-dist/tex/latex/base/leqno.clo
File: leqno.clo 1998/08/17 v1.1c Standard LaTeX option (left equation numbers)
)
(/usr/local/texlive/2014/texmf-dist/tex/latex/base/size12.clo
File: size12.clo 2007/10/19 v1.4h Standard LaTeX file (size option)
)
\c@part=\count79
\c@section=\count80
\c@subsection=\count81
\c@subsubsection=\count82
\c@paragraph=\count83
\c@subparagraph=\count84
\c@figure=\count85
\c@table=\count86
\abovecaptionskip=\skip41
\belowcaptionskip=\skip42
\bibindent=\dimen102
)
(/usr/local/texlive/2014/texmf-dist/tex/latex/amsfonts/amsfonts.sty
Package: amsfonts 2013/01/14 v3.01 Basic AMSFonts support
\@emptytoks=\toks14
\symAMSa=\mathgroup4
\symAMSb=\mathgroup5
LaTeX Font Info:    Overwriting math alphabet `\mathfrak' in version `bold'
(Font)                  U/euf/m/n --> U/euf/b/n on input line 106.
)
(/usr/local/texlive/2014/texmf-dist/tex/latex/amsmath/amsmath.sty
Package: amsmath 2013/01/14 v2.14 AMS math features
\@mathmargin=\skip43

For additional information on amsmath, use the `?' option.
(/usr/local/texlive/2014/texmf-dist/tex/latex/amsmath/amstext.sty
Package: amstext 2000/06/29 v2.01

(/usr/local/texlive/2014/texmf-dist/tex/latex/amsmath/amsgen.sty
File: amsgen.sty 1999/11/30 v2.0
\@emptytoks=\toks15
\ex@=\dimen103
))
(/usr/local/texlive/2014/texmf-dist/tex/latex/amsmath/amsbsy.sty
Package: amsbsy 1999/11/29 v1.2d
\pmbraise@=\dimen104
)
(/usr/local/texlive/2014/texmf-dist/tex/latex/amsmath/amsopn.sty
Package: amsopn 1999/12/14 v2.01 operator names
)
\inf@bad=\count87
LaTeX Info: Redefining \frac on input line 210.
\uproot@=\count88
\leftroot@=\count89
LaTeX Info: Redefining \overline on input line 306.
\classnum@=\count90
\DOTSCASE@=\count91
LaTeX Info: Redefining \ldots on input line 378.
LaTeX Info: Redefining \dots on input line 381.
LaTeX Info: Redefining \cdots on input line 466.
\Mathstrutbox@=\box26
\strutbox@=\box27
\big@size=\dimen105
LaTeX Font Info:    Redeclaring font encoding OML on input line 566.
LaTeX Font Info:    Redeclaring font encoding OMS on input line 567.
\macc@depth=\count92
\c@MaxMatrixCols=\count93
\dotsspace@=\muskip10
\c@parentequation=\count94
\dspbrk@lvl=\count95
\tag@help=\toks16
\row@=\count96
\column@=\count97
\maxfields@=\count98
\andhelp@=\toks17
\eqnshift@=\dimen106
\alignsep@=\dimen107
\tagshift@=\dimen108
\tagwidth@=\dimen109
\totwidth@=\dimen110
\lineht@=\dimen111
\@envbody=\toks18
\multlinegap=\skip44
\multlinetaggap=\skip45
\mathdisplay@stack=\toks19
LaTeX Info: Redefining \[ on input line 2665.
LaTeX Info: Redefining \] on input line 2666.
)
(/usr/local/texlive/2014/texmf-dist/tex/latex/amsfonts/amssymb.sty
Package: amssymb 2013/01/14 v3.01 AMS font symbols
)
(/usr/local/texlive/2014/texmf-dist/tex/latex/amscls/amsthm.sty
Package: amsthm 2004/08/06 v2.20
\thm@style=\toks20
\thm@bodyfont=\toks21
\thm@headfont=\toks22
\thm@notefont=\toks23
\thm@headpunct=\toks24
\thm@preskip=\skip46
\thm@postskip=\skip47
\thm@headsep=\skip48
\dth@everypar=\toks25
)
(/usr/local/texlive/2014/texmf-dist/tex/latex/mh/mathtools.sty
Package: mathtools 2014/05/21 v1.14 mathematical typesetting tools

(/usr/local/texlive/2014/texmf-dist/tex/latex/graphics/keyval.sty
Package: keyval 2014/05/08 v1.15 key=value parser (DPC)
\KV@toks@=\toks26
)
(/usr/local/texlive/2014/texmf-dist/tex/latex/tools/calc.sty
Package: calc 2007/08/22 v4.3 Infix arithmetic (KKT,FJ)
\calc@Acount=\count99
\calc@Bcount=\count100
\calc@Adimen=\dimen112
\calc@Bdimen=\dimen113
\calc@Askip=\skip49
\calc@Bskip=\skip50
LaTeX Info: Redefining \setlength on input line 75.
LaTeX Info: Redefining \addtolength on input line 76.
\calc@Ccount=\count101
\calc@Cskip=\skip51
)
(/usr/local/texlive/2014/texmf-dist/tex/latex/mh/mhsetup.sty
Package: mhsetup 2010/01/21 v1.2a programming setup (MH)
)
LaTeX Info: Thecontrolsequence`\['isalreadyrobust on input line 129.
LaTeX Info: Thecontrolsequence`\]'isalreadyrobust on input line 129.
\g_MT_multlinerow_int=\count102
\l_MT_multwidth_dim=\dimen114
\origjot=\skip52
\l_MT_shortvdotswithinadjustabove_dim=\dimen115
\l_MT_shortvdotswithinadjustbelow_dim=\dimen116
\l_MT_above_intertext_sep=\dimen117
\l_MT_below_intertext_sep=\dimen118
\l_MT_above_shortintertext_sep=\dimen119
\l_MT_below_shortintertext_sep=\dimen120
)
(/usr/local/texlive/2014/texmf-dist/tex/latex/fancyhdr/fancyhdr.sty
\fancy@headwidth=\skip53
\f@ncyO@elh=\skip54
\f@ncyO@erh=\skip55
\f@ncyO@olh=\skip56
\f@ncyO@orh=\skip57
\f@ncyO@elf=\skip58
\f@ncyO@erf=\skip59
\f@ncyO@olf=\skip60
\f@ncyO@orf=\skip61
)
(/usr/local/texlive/2014/texmf-dist/tex/latex/hyperref/hyperref.sty
Package: hyperref 2012/11/06 v6.83m Hypertext links for LaTeX

(/usr/local/texlive/2014/texmf-dist/tex/generic/oberdiek/hobsub-hyperref.sty
Package: hobsub-hyperref 2012/05/28 v1.13 Bundle oberdiek, subset hyperref (HO)


(/usr/local/texlive/2014/texmf-dist/tex/generic/oberdiek/hobsub-generic.sty
Package: hobsub-generic 2012/05/28 v1.13 Bundle oberdiek, subset generic (HO)
Package: hobsub 2012/05/28 v1.13 Construct package bundles (HO)
Package: infwarerr 2010/04/08 v1.3 Providing info/warning/error messages (HO)
Package: ltxcmds 2011/11/09 v1.22 LaTeX kernel commands for general use (HO)
Package: ifluatex 2010/03/01 v1.3 Provides the ifluatex switch (HO)
Package ifluatex Info: LuaTeX not detected.
Package: ifvtex 2010/03/01 v1.5 Detect VTeX and its facilities (HO)
Package ifvtex Info: VTeX not detected.
Package: intcalc 2007/09/27 v1.1 Expandable calculations with integers (HO)
Package: ifpdf 2011/01/30 v2.3 Provides the ifpdf switch (HO)
Package ifpdf Info: pdfTeX in PDF mode is detected.
Package: etexcmds 2011/02/16 v1.5 Avoid name clashes with e-TeX commands (HO)
Package etexcmds Info: Could not find \expanded.
(etexcmds)             That can mean that you are not using pdfTeX 1.50 or
(etexcmds)             that some package has redefined \expanded.
(etexcmds)             In the latter case, load this package earlier.
Package: kvsetkeys 2012/04/25 v1.16 Key value parser (HO)
Package: kvdefinekeys 2011/04/07 v1.3 Define keys (HO)
Package: pdftexcmds 2011/11/29 v0.20 Utility functions of pdfTeX for LuaTeX (HO
)
Package pdftexcmds Info: LuaTeX not detected.
Package pdftexcmds Info: \pdf@primitive is available.
Package pdftexcmds Info: \pdf@ifprimitive is available.
Package pdftexcmds Info: \pdfdraftmode found.
Package: pdfescape 2011/11/25 v1.13 Implements pdfTeX's escape features (HO)
Package: bigintcalc 2012/04/08 v1.3 Expandable calculations on big integers (HO
)
Package: bitset 2011/01/30 v1.1 Handle bit-vector datatype (HO)
Package: uniquecounter 2011/01/30 v1.2 Provide unlimited unique counter (HO)
)
Package hobsub Info: Skipping package `hobsub' (already loaded).
Package: letltxmacro 2010/09/02 v1.4 Let assignment for LaTeX macros (HO)
Package: hopatch 2012/05/28 v1.2 Wrapper for package hooks (HO)
Package: xcolor-patch 2011/01/30 xcolor patch
Package: atveryend 2011/06/30 v1.8 Hooks at the very end of document (HO)
Package atveryend Info: \enddocument detected (standard20110627).
Package: atbegshi 2011/10/05 v1.16 At begin shipout hook (HO)
Package: refcount 2011/10/16 v3.4 Data extraction from label references (HO)
Package: hycolor 2011/01/30 v1.7 Color options for hyperref/bookmark (HO)
)
(/usr/local/texlive/2014/texmf-dist/tex/generic/ifxetex/ifxetex.sty
Package: ifxetex 2010/09/12 v0.6 Provides ifxetex conditional
)
(/usr/local/texlive/2014/texmf-dist/tex/latex/oberdiek/auxhook.sty
Package: auxhook 2011/03/04 v1.3 Hooks for auxiliary files (HO)
)
(/usr/local/texlive/2014/texmf-dist/tex/latex/oberdiek/kvoptions.sty
Package: kvoptions 2011/06/30 v3.11 Key value format for package options (HO)
)
\@linkdim=\dimen121
\Hy@linkcounter=\count103
\Hy@pagecounter=\count104

(/usr/local/texlive/2014/texmf-dist/tex/latex/hyperref/pd1enc.def
File: pd1enc.def 2012/11/06 v6.83m Hyperref: PDFDocEncoding definition (HO)
)
\Hy@SavedSpaceFactor=\count105

(/usr/local/texlive/2014/texmf-dist/tex/latex/latexconfig/hyperref.cfg
File: hyperref.cfg 2002/06/06 v1.2 hyperref configuration of TeXLive
)
Package hyperref Info: Hyper figures OFF on input line 4443.
Package hyperref Info: Link nesting OFF on input line 4448.
Package hyperref Info: Hyper index ON on input line 4451.
Package hyperref Info: Plain pages OFF on input line 4458.
Package hyperref Info: Backreferencing OFF on input line 4463.
Package hyperref Info: Implicit mode ON; LaTeX internals redefined.
Package hyperref Info: Bookmarks ON on input line 4688.
\c@Hy@tempcnt=\count106

(/usr/local/texlive/2014/texmf-dist/tex/latex/url/url.sty
\Urlmuskip=\muskip11
Package: url 2013/09/16  ver 3.4  Verb mode for urls, etc.
)
LaTeX Info: Redefining \url on input line 5041.
\XeTeXLinkMargin=\dimen122
\Fld@menulength=\count107
\Field@Width=\dimen123
\Fld@charsize=\dimen124
Package hyperref Info: Hyper figures OFF on input line 6295.
Package hyperref Info: Link nesting OFF on input line 6300.
Package hyperref Info: Hyper index ON on input line 6303.
Package hyperref Info: backreferencing OFF on input line 6310.
Package hyperref Info: Link coloring OFF on input line 6315.
Package hyperref Info: Link coloring with OCG OFF on input line 6320.
Package hyperref Info: PDF/A mode OFF on input line 6325.
LaTeX Info: Redefining \ref on input line 6365.
LaTeX Info: Redefining \pageref on input line 6369.
\Hy@abspage=\count108
\c@Item=\count109
\c@Hfootnote=\count110
)

Package hyperref Message: Driver (autodetected): hpdftex.

(/usr/local/texlive/2014/texmf-dist/tex/latex/hyperref/hpdftex.def
File: hpdftex.def 2012/11/06 v6.83m Hyperref driver for pdfTeX
\Fld@listcount=\count111
\c@bookmark@seq@number=\count112

(/usr/local/texlive/2014/texmf-dist/tex/latex/oberdiek/rerunfilecheck.sty
Package: rerunfilecheck 2011/04/15 v1.7 Rerun checks for auxiliary files (HO)
Package uniquecounter Info: New unique counter `rerunfilecheck' on input line 2
82.
)
\Hy@SectionHShift=\skip62
)
(/usr/local/texlive/2014/texmf-dist/tex/latex/graphics/graphicx.sty
Package: graphicx 2014/04/25 v1.0g Enhanced LaTeX Graphics (DPC,SPQR)

(/usr/local/texlive/2014/texmf-dist/tex/latex/graphics/graphics.sty
Package: graphics 2009/02/05 v1.0o Standard LaTeX Graphics (DPC,SPQR)

(/usr/local/texlive/2014/texmf-dist/tex/latex/graphics/trig.sty
Package: trig 1999/03/16 v1.09 sin cos tan (DPC)
)
(/usr/local/texlive/2014/texmf-dist/tex/latex/latexconfig/graphics.cfg
File: graphics.cfg 2010/04/23 v1.9 graphics configuration of TeX Live
)
Package graphics Info: Driver file: pdftex.def on input line 91.

(/usr/local/texlive/2014/texmf-dist/tex/latex/pdftex-def/pdftex.def
File: pdftex.def 2011/05/27 v0.06d Graphics/color for pdfTeX
\Gread@gobject=\count113
))
\Gin@req@height=\dimen125
\Gin@req@width=\dimen126
)
(/usr/local/texlive/2014/texmf-dist/tex/latex/caption/caption.sty
Package: caption 2013/05/02 v3.3-89 Customizing captions (AR)

(/usr/local/texlive/2014/texmf-dist/tex/latex/caption/caption3.sty
Package: caption3 2013/05/02 v1.6-88 caption3 kernel (AR)
Package caption3 Info: TeX engine: e-TeX on input line 57.
\captionmargin=\dimen127
\captionmargin@=\dimen128
\captionwidth=\dimen129
\caption@tempdima=\dimen130
\caption@indent=\dimen131
\caption@parindent=\dimen132
\caption@hangindent=\dimen133
)
\c@ContinuedFloat=\count114
Package caption Info: hyperref package is loaded.
)
(/usr/local/texlive/2014/texmf-dist/tex/latex/caption/subcaption.sty
Package: subcaption 2013/02/03 v1.1-62 Sub-captions (AR)
\c@subfigure=\count115
\c@subtable=\count116
)
(/usr/local/texlive/2014/texmf-dist/tex/latex/float/float.sty
Package: float 2001/11/08 v1.3d Float enhancements (AL)
\c@float@type=\count117
\float@exts=\toks27
\float@box=\box28
\@float@everytoks=\toks28
\@floatcapt=\box29
)
(/usr/local/texlive/2014/texmf-dist/tex/latex/jknapltx/mathrsfs.sty
Package: mathrsfs 1996/01/01 Math RSFS package v1.0 (jk)
\symrsfs=\mathgroup6
)
(/usr/local/texlive/2014/texmf-dist/tex/latex/tools/array.sty
Package: array 2008/09/09 v2.4c Tabular extension package (FMi)
\col@sep=\dimen134
\extrarowheight=\dimen135
\NC@list=\toks29
\extratabsurround=\skip63
\backup@length=\skip64
)
(/usr/local/texlive/2014/texmf-dist/tex/latex/rotating/rotating.sty
Package: rotating 2009/03/28 v2.16a rotated objects in LaTeX

(/usr/local/texlive/2014/texmf-dist/tex/latex/base/ifthen.sty
Package: ifthen 2001/05/26 v1.1c Standard LaTeX ifthen package (DPC)
)
\c@r@tfl@t=\count118
\rotFPtop=\skip65
\rotFPbot=\skip66
\rot@float@box=\box30
\rot@mess@toks=\toks30
)
\c@thm=\count119
\c@lemma=\count120
\mybox=\box31
\mysim=\box32

(./SR,TA,AS,RB - HW2Hidimdata.aux

LaTeX Warning: Label `fig:errorc25' multiply defined.


LaTeX Warning: Label `sub@fig:errorc25' multiply defined.


LaTeX Warning: Label `fig:true25' multiply defined.


LaTeX Warning: Label `sub@fig:true25' multiply defined.


LaTeX Warning: Label `' multiply defined.


LaTeX Warning: Label `sub@' multiply defined.


LaTeX Warning: Label `' multiply defined.


LaTeX Warning: Label `sub@' multiply defined.


LaTeX Warning: Label `' multiply defined.


LaTeX Warning: Label `sub@' multiply defined.


LaTeX Warning: Label `' multiply defined.


LaTeX Warning: Label `sub@' multiply defined.


LaTeX Warning: Label `' multiply defined.


LaTeX Warning: Label `sub@' multiply defined.


LaTeX Warning: Label `' multiply defined.


LaTeX Warning: Label `sub@' multiply defined.


LaTeX Warning: Label `' multiply defined.


LaTeX Warning: Label `sub@' multiply defined.


LaTeX Warning: Label `' multiply defined.


LaTeX Warning: Label `sub@' multiply defined.


LaTeX Warning: Label `' multiply defined.


LaTeX Warning: Label `sub@' multiply defined.


LaTeX Warning: Label `' multiply defined.


LaTeX Warning: Label `sub@' multiply defined.


LaTeX Warning: Label `' multiply defined.


LaTeX Warning: Label `sub@' multiply defined.


LaTeX Warning: Label `' multiply defined.


LaTeX Warning: Label `sub@' multiply defined.


LaTeX Warning: Label `' multiply defined.


LaTeX Warning: Label `sub@' multiply defined.


LaTeX Warning: Label `' multiply defined.


LaTeX Warning: Label `sub@' multiply defined.


LaTeX Warning: Label `' multiply defined.


LaTeX Warning: Label `sub@' multiply defined.


LaTeX Warning: Label `' multiply defined.


LaTeX Warning: Label `sub@' multiply defined.


LaTeX Warning: Label `' multiply defined.


LaTeX Warning: Label `sub@' multiply defined.


LaTeX Warning: Label `' multiply defined.


LaTeX Warning: Label `sub@' multiply defined.


LaTeX Warning: Label `' multiply defined.


LaTeX Warning: Label `sub@' multiply defined.


LaTeX Warning: Label `' multiply defined.


LaTeX Warning: Label `sub@' multiply defined.


LaTeX Warning: Label `' multiply defined.


LaTeX Warning: Label `sub@' multiply defined.


LaTeX Warning: Label `' multiply defined.


LaTeX Warning: Label `sub@' multiply defined.


LaTeX Warning: Label `' multiply defined.


LaTeX Warning: Label `sub@' multiply defined.


LaTeX Warning: Label `' multiply defined.


LaTeX Warning: Label `sub@' multiply defined.


LaTeX Warning: Label `' multiply defined.


LaTeX Warning: Label `sub@' multiply defined.


LaTeX Warning: Label `' multiply defined.


LaTeX Warning: Label `sub@' multiply defined.


LaTeX Warning: Label `' multiply defined.


LaTeX Warning: Label `sub@' multiply defined.


LaTeX Warning: Label `' multiply defined.


LaTeX Warning: Label `sub@' multiply defined.


LaTeX Warning: Label `' multiply defined.


LaTeX Warning: Label `sub@' multiply defined.


LaTeX Warning: Label `' multiply defined.


LaTeX Warning: Label `sub@' multiply defined.


LaTeX Warning: Label `' multiply defined.


LaTeX Warning: Label `sub@' multiply defined.


LaTeX Warning: Label `' multiply defined.


LaTeX Warning: Label `sub@' multiply defined.


LaTeX Warning: Label `' multiply defined.


LaTeX Warning: Label `sub@' multiply defined.


LaTeX Warning: Label `' multiply defined.


LaTeX Warning: Label `sub@' multiply defined.


LaTeX Warning: Label `' multiply defined.


LaTeX Warning: Label `sub@' multiply defined.


LaTeX Warning: Label `' multiply defined.


LaTeX Warning: Label `sub@' multiply defined.


LaTeX Warning: Label `' multiply defined.


LaTeX Warning: Label `sub@' multiply defined.


LaTeX Warning: Label `' multiply defined.


LaTeX Warning: Label `sub@' multiply defined.


LaTeX Warning: Label `' multiply defined.


LaTeX Warning: Label `sub@' multiply defined.


LaTeX Warning: Label `' multiply defined.


LaTeX Warning: Label `sub@' multiply defined.


LaTeX Warning: Label `' multiply defined.


LaTeX Warning: Label `sub@' multiply defined.


LaTeX Warning: Label `' multiply defined.


LaTeX Warning: Label `sub@' multiply defined.


LaTeX Warning: Label `' multiply defined.


LaTeX Warning: Label `sub@' multiply defined.


LaTeX Warning: Label `' multiply defined.


LaTeX Warning: Label `sub@' multiply defined.


LaTeX Warning: Label `' multiply defined.


LaTeX Warning: Label `sub@' multiply defined.


LaTeX Warning: Label `' multiply defined.


LaTeX Warning: Label `sub@' multiply defined.


LaTeX Warning: Label `' multiply defined.


LaTeX Warning: Label `sub@' multiply defined.


LaTeX Warning: Label `' multiply defined.


LaTeX Warning: Label `sub@' multiply defined.


LaTeX Warning: Label `' multiply defined.


LaTeX Warning: Label `sub@' multiply defined.


LaTeX Warning: Label `' multiply defined.


LaTeX Warning: Label `sub@' multiply defined.


LaTeX Warning: Label `' multiply defined.


LaTeX Warning: Label `sub@' multiply defined.


LaTeX Warning: Label `' multiply defined.


LaTeX Warning: Label `sub@' multiply defined.


LaTeX Warning: Label `' multiply defined.


LaTeX Warning: Label `sub@' multiply defined.


LaTeX Warning: Label `' multiply defined.


LaTeX Warning: Label `sub@' multiply defined.


LaTeX Warning: Label `' multiply defined.


LaTeX Warning: Label `sub@' multiply defined.


LaTeX Warning: Label `' multiply defined.


LaTeX Warning: Label `sub@' multiply defined.


LaTeX Warning: Label `' multiply defined.


LaTeX Warning: Label `sub@' multiply defined.


LaTeX Warning: Label `' multiply defined.


LaTeX Warning: Label `sub@' multiply defined.


LaTeX Warning: Label `' multiply defined.


LaTeX Warning: Label `sub@' multiply defined.


LaTeX Warning: Label `' multiply defined.


LaTeX Warning: Label `sub@' multiply defined.


LaTeX Warning: Label `' multiply defined.


LaTeX Warning: Label `sub@' multiply defined.


LaTeX Warning: Label `' multiply defined.


LaTeX Warning: Label `sub@' multiply defined.


LaTeX Warning: Label `' multiply defined.


LaTeX Warning: Label `sub@' multiply defined.


LaTeX Warning: Label `' multiply defined.


LaTeX Warning: Label `sub@' multiply defined.


LaTeX Warning: Label `' multiply defined.


LaTeX Warning: Label `sub@' multiply defined.


LaTeX Warning: Label `' multiply defined.


LaTeX Warning: Label `sub@' multiply defined.


LaTeX Warning: Label `' multiply defined.


LaTeX Warning: Label `sub@' multiply defined.


LaTeX Warning: Label `' multiply defined.


LaTeX Warning: Label `sub@' multiply defined.


LaTeX Warning: Label `' multiply defined.


LaTeX Warning: Label `sub@' multiply defined.


LaTeX Warning: Label `fig:trueerrors' multiply defined.


LaTeX Warning: Label `' multiply defined.


LaTeX Warning: Label `sub@' multiply defined.


LaTeX Warning: Label `' multiply defined.


LaTeX Warning: Label `sub@' multiply defined.


LaTeX Warning: Label `' multiply defined.


LaTeX Warning: Label `sub@' multiply defined.


LaTeX Warning: Label `' multiply defined.


LaTeX Warning: Label `sub@' multiply defined.


LaTeX Warning: Label `' multiply defined.


LaTeX Warning: Label `sub@' multiply defined.


LaTeX Warning: Label `' multiply defined.


LaTeX Warning: Label `sub@' multiply defined.


LaTeX Warning: Label `' multiply defined.


LaTeX Warning: Label `sub@' multiply defined.


LaTeX Warning: Label `' multiply defined.


LaTeX Warning: Label `sub@' multiply defined.


LaTeX Warning: Label `' multiply defined.


LaTeX Warning: Label `sub@' multiply defined.


LaTeX Warning: Label `' multiply defined.


LaTeX Warning: Label `sub@' multiply defined.


LaTeX Warning: Label `' multiply defined.


LaTeX Warning: Label `sub@' multiply defined.


LaTeX Warning: Label `' multiply defined.


LaTeX Warning: Label `sub@' multiply defined.


LaTeX Warning: Label `' multiply defined.


LaTeX Warning: Label `sub@' multiply defined.


LaTeX Warning: Label `' multiply defined.


LaTeX Warning: Label `sub@' multiply defined.


LaTeX Warning: Label `' multiply defined.


LaTeX Warning: Label `sub@' multiply defined.


LaTeX Warning: Label `' multiply defined.


LaTeX Warning: Label `sub@' multiply defined.


LaTeX Warning: Label `' multiply defined.


LaTeX Warning: Label `sub@' multiply defined.


LaTeX Warning: Label `' multiply defined.


LaTeX Warning: Label `sub@' multiply defined.


LaTeX Warning: Label `' multiply defined.


LaTeX Warning: Label `sub@' multiply defined.


LaTeX Warning: Label `' multiply defined.


LaTeX Warning: Label `sub@' multiply defined.

)
\openout1 = `"SR,TA,AS,RB - HW2Hidimdata.aux"'.

LaTeX Font Info:    Checking defaults for OML/cmm/m/it on input line 51.
LaTeX Font Info:    ... okay on input line 51.
LaTeX Font Info:    Checking defaults for T1/cmr/m/n on input line 51.
LaTeX Font Info:    ... okay on input line 51.
LaTeX Font Info:    Checking defaults for OT1/cmr/m/n on input line 51.
LaTeX Font Info:    ... okay on input line 51.
LaTeX Font Info:    Checking defaults for OMS/cmsy/m/n on input line 51.
LaTeX Font Info:    ... okay on input line 51.
LaTeX Font Info:    Checking defaults for OMX/cmex/m/n on input line 51.
LaTeX Font Info:    ... okay on input line 51.
LaTeX Font Info:    Checking defaults for U/cmr/m/n on input line 51.
LaTeX Font Info:    ... okay on input line 51.
LaTeX Font Info:    Checking defaults for PD1/pdf/m/n on input line 51.
LaTeX Font Info:    ... okay on input line 51.
\AtBeginShipoutBox=\box33
Package hyperref Info: Link coloring OFF on input line 51.
 (/usr/local/texlive/2014/texmf-dist/tex/latex/hyperref/nameref.sty
Package: nameref 2012/10/27 v2.43 Cross-referencing by name of section

(/usr/local/texlive/2014/texmf-dist/tex/generic/oberdiek/gettitlestring.sty
Package: gettitlestring 2010/12/03 v1.4 Cleanup title references (HO)
)
\c@section@level=\count121
)
LaTeX Info: Redefining \ref on input line 51.
LaTeX Info: Redefining \pageref on input line 51.
LaTeX Info: Redefining \nameref on input line 51.

(./SR,TA,AS,RB - HW2Hidimdata.out) (./SR,TA,AS,RB - HW2Hidimdata.out)
\@outlinefile=\write3
\openout3 = `"SR,TA,AS,RB - HW2Hidimdata.out"'.


(/usr/local/texlive/2014/texmf-dist/tex/context/base/supp-pdf.mkii
[Loading MPS to PDF converter (version 2006.09.02).]
\scratchcounter=\count122
\scratchdimen=\dimen136
\scratchbox=\box34
\nofMPsegments=\count123
\nofMParguments=\count124
\everyMPshowfont=\toks31
\MPscratchCnt=\count125
\MPscratchDim=\dimen137
\MPnumerator=\count126
\makeMPintoPDFobject=\count127
\everyMPtoPDFconversion=\toks32
) (/usr/local/texlive/2014/texmf-dist/tex/latex/oberdiek/epstopdf-base.sty
Package: epstopdf-base 2010/02/09 v2.5 Base part for package epstopdf

(/usr/local/texlive/2014/texmf-dist/tex/latex/oberdiek/grfext.sty
Package: grfext 2010/08/19 v1.1 Manage graphics extensions (HO)
)
Package grfext Info: Graphics extension search list:
(grfext)             [.png,.pdf,.jpg,.mps,.jpeg,.jbig2,.jb2,.PNG,.PDF,.JPG,.JPE
G,.JBIG2,.JB2,.eps]
(grfext)             \AppendGraphicsExtensions on input line 452.

(/usr/local/texlive/2014/texmf-dist/tex/latex/latexconfig/epstopdf-sys.cfg
File: epstopdf-sys.cfg 2010/07/13 v1.3 Configuration of (r)epstopdf for TeX Liv
e
))
Package caption Info: Begin \AtBeginDocument code.
Package caption Info: float package is loaded.
Package caption Info: rotating package is loaded.
Package caption Info: End \AtBeginDocument code.
LaTeX Font Info:    Try loading font information for U+msa on input line 62.

(/usr/local/texlive/2014/texmf-dist/tex/latex/amsfonts/umsa.fd
File: umsa.fd 2013/01/14 v3.01 AMS symbols A
)
LaTeX Font Info:    Try loading font information for U+msb on input line 62.

(/usr/local/texlive/2014/texmf-dist/tex/latex/amsfonts/umsb.fd
File: umsb.fd 2013/01/14 v3.01 AMS symbols B
)
LaTeX Font Info:    Try loading font information for U+rsfs on input line 62.

(/usr/local/texlive/2014/texmf-dist/tex/latex/jknapltx/ursfs.fd
File: ursfs.fd 1998/03/24 rsfs font definition file (jk)
)

Package Fancyhdr Warning: \headheight is too small (12.0pt): 
 Make it at least 14.49998pt.
 We now make it that large for the rest of the document.
 This may cause the page layout to be inconsistent, however.

[1{/usr/local/texlive/2014/texmf-var/fonts/map/pdftex/updmap/pdftex.map}

]

Package Fancyhdr Warning: \headheight is too small (12.0pt): 
 Make it at least 14.49998pt.
 We now make it that large for the rest of the document.
 This may cause the page layout to be inconsistent, however.

[2]

Package Fancyhdr Warning: \headheight is too small (12.0pt): 
 Make it at least 14.49998pt.
 We now make it that large for the rest of the document.
 This may cause the page layout to be inconsistent, however.

[3] <sparsityplotcount-25.pdf, id=39, 455.2441pt x 341.43306pt>
File: sparsityplotcount-25.pdf Graphic file (type pdf)

<use sparsityplotcount-25.pdf>
Package pdftex.def Info: sparsityplotcount-25.pdf used on input line 207.
(pdftex.def)             Requested size: 195.0pt x 146.25067pt.

Underfull \hbox (badness 1642) in paragraph at lines 210--210
\OT1/cmr/m/n/10.95 was the num-ber of el-e-ments of $\OML/cmm/m/it/10.95 ^^L[]$

 []

<sparsityplotcount-75.pdf, id=40, 455.2441pt x 341.43306pt>
File: sparsityplotcount-75.pdf Graphic file (type pdf)

<use sparsityplotcount-75.pdf>
Package pdftex.def Info: sparsityplotcount-75.pdf used on input line 214.
(pdftex.def)             Requested size: 195.0pt x 146.25067pt.

Underfull \hbox (badness 1642) in paragraph at lines 217--217
\OT1/cmr/m/n/10.95 was the num-ber of el-e-ments of $\OML/cmm/m/it/10.95 ^^L[]$

 []

<errorcplot11-25.pdf, id=41, 455.2441pt x 341.43306pt>
File: errorcplot11-25.pdf Graphic file (type pdf)

<use errorcplot11-25.pdf>
Package pdftex.def Info: errorcplot11-25.pdf used on input line 226.
(pdftex.def)             Requested size: 195.0pt x 146.25067pt.

<trueerrorplot11-25.pdf, id=42, 455.2441pt x 341.43306pt>
File: trueerrorplot11-25.pdf Graphic file (type pdf)

<use trueerrorplot11-25.pdf>
Package pdftex.def Info: trueerrorplot11-25.pdf used on input line 231.
(pdftex.def)             Requested size: 195.0pt x 146.25067pt.

<errorcplot10-75.pdf, id=43, 455.2441pt x 341.43306pt>
File: errorcplot10-75.pdf Graphic file (type pdf)

<use errorcplot10-75.pdf>
Package pdftex.def Info: errorcplot10-75.pdf used on input line 242.
(pdftex.def)             Requested size: 195.0pt x 146.25067pt.

<trueerrorplot10-75.pdf, id=44, 455.2441pt x 341.43306pt>
File: trueerrorplot10-75.pdf Graphic file (type pdf)

<use trueerrorplot10-75.pdf>
Package pdftex.def Info: trueerrorplot10-75.pdf used on input line 247.
(pdftex.def)             Requested size: 195.0pt x 146.25067pt.


Package Fancyhdr Warning: \headheight is too small (12.0pt): 
 Make it at least 14.49998pt.
 We now make it that large for the rest of the document.
 This may cause the page layout to be inconsistent, however.

[4]

Package Fancyhdr Warning: \headheight is too small (12.0pt): 
 Make it at least 14.49998pt.
 We now make it that large for the rest of the document.
 This may cause the page layout to be inconsistent, however.

[5 <./sparsityplotcount-25.pdf> <./sparsityplotcount-75.pdf

pdfTeX warning: pdflatex (file ./sparsityplotcount-75.pdf): PDF inclusion: mult
iple pdfs with page group included in a single page
>]

Package Fancyhdr Warning: \headheight is too small (12.0pt): 
 Make it at least 14.49998pt.
 We now make it that large for the rest of the document.
 This may cause the page layout to be inconsistent, however.

[6 <./errorcplot11-25.pdf> <./trueerrorplot11-25.pdf

pdfTeX warning: pdflatex (file ./trueerrorplot11-25.pdf): PDF inclusion: multip
le pdfs with page group included in a single page
>]

Package Fancyhdr Warning: \headheight is too small (12.0pt): 
 Make it at least 14.49998pt.
 We now make it that large for the rest of the document.
 This may cause the page layout to be inconsistent, however.

[7 <./errorcplot10-75.pdf> <./trueerrorplot10-75.pdf

pdfTeX warning: pdflatex (file ./trueerrorplot10-75.pdf): PDF inclusion: multip
le pdfs with page group included in a single page
>]

Package Fancyhdr Warning: \headheight is too small (12.0pt): 
 Make it at least 14.49998pt.
 We now make it that large for the rest of the document.
 This may cause the page layout to be inconsistent, however.

[8]

Package Fancyhdr Warning: \headheight is too small (12.0pt): 
 Make it at least 14.49998pt.
 We now make it that large for the rest of the document.
 This may cause the page layout to be inconsistent, however.

[9] <errorcplot1-25.pdf, id=168, 455.2441pt x 341.43306pt>
File: errorcplot1-25.pdf Graphic file (type pdf)

<use errorcplot1-25.pdf>
Package pdftex.def Info: errorcplot1-25.pdf used on input line 373.
(pdftex.def)             Requested size: 155.99762pt x 116.99742pt.

<errorcplot2-25.pdf, id=169, 455.2441pt x 341.43306pt>
File: errorcplot2-25.pdf Graphic file (type pdf)

<use errorcplot2-25.pdf>
Package pdftex.def Info: errorcplot2-25.pdf used on input line 378.
(pdftex.def)             Requested size: 155.99762pt x 116.99742pt.

<errorcplot3-25.pdf, id=170, 455.2441pt x 341.43306pt>
File: errorcplot3-25.pdf Graphic file (type pdf)

<use errorcplot3-25.pdf>
Package pdftex.def Info: errorcplot3-25.pdf used on input line 383.
(pdftex.def)             Requested size: 155.99762pt x 116.99742pt.

<errorcplot4-25.pdf, id=171, 455.2441pt x 341.43306pt>
File: errorcplot4-25.pdf Graphic file (type pdf)

<use errorcplot4-25.pdf>
Package pdftex.def Info: errorcplot4-25.pdf used on input line 388.
(pdftex.def)             Requested size: 155.99762pt x 116.99742pt.

<errorcplot5-25.pdf, id=172, 455.2441pt x 341.43306pt>
File: errorcplot5-25.pdf Graphic file (type pdf)

<use errorcplot5-25.pdf>
Package pdftex.def Info: errorcplot5-25.pdf used on input line 393.
(pdftex.def)             Requested size: 155.99762pt x 116.99742pt.

<errorcplot6-25.pdf, id=173, 455.2441pt x 341.43306pt>
File: errorcplot6-25.pdf Graphic file (type pdf)

<use errorcplot6-25.pdf>
Package pdftex.def Info: errorcplot6-25.pdf used on input line 403.
(pdftex.def)             Requested size: 155.99762pt x 116.99742pt.

<errorcplot7-25.pdf, id=174, 455.2441pt x 341.43306pt>
File: errorcplot7-25.pdf Graphic file (type pdf)

<use errorcplot7-25.pdf>
Package pdftex.def Info: errorcplot7-25.pdf used on input line 408.
(pdftex.def)             Requested size: 155.99762pt x 116.99742pt.

<errorcplot8-25.pdf, id=175, 455.2441pt x 341.43306pt>
File: errorcplot8-25.pdf Graphic file (type pdf)

<use errorcplot8-25.pdf>
Package pdftex.def Info: errorcplot8-25.pdf used on input line 413.
(pdftex.def)             Requested size: 155.99762pt x 116.99742pt.

<errorcplot9-25.pdf, id=176, 455.2441pt x 341.43306pt>
File: errorcplot9-25.pdf Graphic file (type pdf)

<use errorcplot9-25.pdf>
Package pdftex.def Info: errorcplot9-25.pdf used on input line 418.
(pdftex.def)             Requested size: 155.99762pt x 116.99742pt.

<errorcplot10-25.pdf, id=177, 455.2441pt x 341.43306pt>
File: errorcplot10-25.pdf Graphic file (type pdf)

<use errorcplot10-25.pdf>
Package pdftex.def Info: errorcplot10-25.pdf used on input line 423.
(pdftex.def)             Requested size: 155.99762pt x 116.99742pt.
File: errorcplot11-25.pdf Graphic file (type pdf)
 <use errorcplot11-25.pdf>
Package pdftex.def Info: errorcplot11-25.pdf used on input line 433.
(pdftex.def)             Requested size: 155.99762pt x 116.99742pt.

<errorcplot12-25.pdf, id=178, 455.2441pt x 341.43306pt>
File: errorcplot12-25.pdf Graphic file (type pdf)

<use errorcplot12-25.pdf>
Package pdftex.def Info: errorcplot12-25.pdf used on input line 438.
(pdftex.def)             Requested size: 155.99762pt x 116.99742pt.

<errorcplot13-25.pdf, id=179, 455.2441pt x 341.43306pt>
File: errorcplot13-25.pdf Graphic file (type pdf)

<use errorcplot13-25.pdf>
Package pdftex.def Info: errorcplot13-25.pdf used on input line 444.
(pdftex.def)             Requested size: 155.99762pt x 116.99742pt.

<errorcplot14-25.pdf, id=180, 455.2441pt x 341.43306pt>
File: errorcplot14-25.pdf Graphic file (type pdf)

<use errorcplot14-25.pdf>
Package pdftex.def Info: errorcplot14-25.pdf used on input line 449.
(pdftex.def)             Requested size: 155.99762pt x 116.99742pt.

<errorcplot15-25.pdf, id=181, 455.2441pt x 341.43306pt>
File: errorcplot15-25.pdf Graphic file (type pdf)

<use errorcplot15-25.pdf>
Package pdftex.def Info: errorcplot15-25.pdf used on input line 455.
(pdftex.def)             Requested size: 155.99762pt x 116.99742pt.

<trueerrorplot1-25.pdf, id=182, 455.2441pt x 341.43306pt>
File: trueerrorplot1-25.pdf Graphic file (type pdf)

<use trueerrorplot1-25.pdf>
Package pdftex.def Info: trueerrorplot1-25.pdf used on input line 465.
(pdftex.def)             Requested size: 155.99762pt x 116.99742pt.

<trueerrorplot2-25.pdf, id=183, 455.2441pt x 341.43306pt>
File: trueerrorplot2-25.pdf Graphic file (type pdf)

<use trueerrorplot2-25.pdf>
Package pdftex.def Info: trueerrorplot2-25.pdf used on input line 470.
(pdftex.def)             Requested size: 155.99762pt x 116.99742pt.

<trueerrorplot3-25.pdf, id=184, 455.2441pt x 341.43306pt>
File: trueerrorplot3-25.pdf Graphic file (type pdf)

<use trueerrorplot3-25.pdf>
Package pdftex.def Info: trueerrorplot3-25.pdf used on input line 475.
(pdftex.def)             Requested size: 155.99762pt x 116.99742pt.

<trueerrorplot4-25.pdf, id=185, 455.2441pt x 341.43306pt>
File: trueerrorplot4-25.pdf Graphic file (type pdf)

<use trueerrorplot4-25.pdf>
Package pdftex.def Info: trueerrorplot4-25.pdf used on input line 480.
(pdftex.def)             Requested size: 155.99762pt x 116.99742pt.

<trueerrorplot5-25.pdf, id=186, 455.2441pt x 341.43306pt>
File: trueerrorplot5-25.pdf Graphic file (type pdf)

<use trueerrorplot5-25.pdf>
Package pdftex.def Info: trueerrorplot5-25.pdf used on input line 485.
(pdftex.def)             Requested size: 155.99762pt x 116.99742pt.

<trueerrorplot6-25.pdf, id=187, 455.2441pt x 341.43306pt>
File: trueerrorplot6-25.pdf Graphic file (type pdf)

<use trueerrorplot6-25.pdf>
Package pdftex.def Info: trueerrorplot6-25.pdf used on input line 495.
(pdftex.def)             Requested size: 155.99762pt x 116.99742pt.

<trueerrorplot7-25.pdf, id=188, 455.2441pt x 341.43306pt>
File: trueerrorplot7-25.pdf Graphic file (type pdf)

<use trueerrorplot7-25.pdf>
Package pdftex.def Info: trueerrorplot7-25.pdf used on input line 500.
(pdftex.def)             Requested size: 155.99762pt x 116.99742pt.

<trueerrorplot8-25.pdf, id=189, 455.2441pt x 341.43306pt>
File: trueerrorplot8-25.pdf Graphic file (type pdf)

<use trueerrorplot8-25.pdf>
Package pdftex.def Info: trueerrorplot8-25.pdf used on input line 505.
(pdftex.def)             Requested size: 155.99762pt x 116.99742pt.

<trueerrorplot9-25.pdf, id=190, 455.2441pt x 341.43306pt>
File: trueerrorplot9-25.pdf Graphic file (type pdf)

<use trueerrorplot9-25.pdf>
Package pdftex.def Info: trueerrorplot9-25.pdf used on input line 510.
(pdftex.def)             Requested size: 155.99762pt x 116.99742pt.

<trueerrorplot10-25.pdf, id=191, 455.2441pt x 341.43306pt>
File: trueerrorplot10-25.pdf Graphic file (type pdf)

<use trueerrorplot10-25.pdf>
Package pdftex.def Info: trueerrorplot10-25.pdf used on input line 515.
(pdftex.def)             Requested size: 155.99762pt x 116.99742pt.
File: trueerrorplot11-25.pdf Graphic file (type pdf)
 <use trueerrorplot11-25.pdf>
Package pdftex.def Info: trueerrorplot11-25.pdf used on input line 525.
(pdftex.def)             Requested size: 155.99762pt x 116.99742pt.

<trueerrorplot12-25.pdf, id=192, 455.2441pt x 341.43306pt>
File: trueerrorplot12-25.pdf Graphic file (type pdf)

<use trueerrorplot12-25.pdf>
Package pdftex.def Info: trueerrorplot12-25.pdf used on input line 530.
(pdftex.def)             Requested size: 155.99762pt x 116.99742pt.

<trueerrorplot13-25.pdf, id=193, 455.2441pt x 341.43306pt>
File: trueerrorplot13-25.pdf Graphic file (type pdf)

<use trueerrorplot13-25.pdf>
Package pdftex.def Info: trueerrorplot13-25.pdf used on input line 536.
(pdftex.def)             Requested size: 155.99762pt x 116.99742pt.

<trueerrorplot14-25.pdf, id=194, 455.2441pt x 341.43306pt>
File: trueerrorplot14-25.pdf Graphic file (type pdf)

<use trueerrorplot14-25.pdf>
Package pdftex.def Info: trueerrorplot14-25.pdf used on input line 541.
(pdftex.def)             Requested size: 155.99762pt x 116.99742pt.

<trueerrorplot15-25.pdf, id=195, 455.2441pt x 341.43306pt>
File: trueerrorplot15-25.pdf Graphic file (type pdf)

<use trueerrorplot15-25.pdf>
Package pdftex.def Info: trueerrorplot15-25.pdf used on input line 547.
(pdftex.def)             Requested size: 155.99762pt x 116.99742pt.

<nllplot1-25.pdf, id=196, 455.2441pt x 341.43306pt>
File: nllplot1-25.pdf Graphic file (type pdf)
 <use nllplot1-25.pdf>
Package pdftex.def Info: nllplot1-25.pdf used on input line 558.
(pdftex.def)             Requested size: 155.99762pt x 116.99742pt.

<nllplot2-25.pdf, id=197, 455.2441pt x 341.43306pt>
File: nllplot2-25.pdf Graphic file (type pdf)
 <use nllplot2-25.pdf>
Package pdftex.def Info: nllplot2-25.pdf used on input line 563.
(pdftex.def)             Requested size: 155.99762pt x 116.99742pt.

<nllplot3-25.pdf, id=198, 455.2441pt x 341.43306pt>
File: nllplot3-25.pdf Graphic file (type pdf)
 <use nllplot3-25.pdf>
Package pdftex.def Info: nllplot3-25.pdf used on input line 568.
(pdftex.def)             Requested size: 155.99762pt x 116.99742pt.

<nllplot4-25.pdf, id=199, 455.2441pt x 341.43306pt>
File: nllplot4-25.pdf Graphic file (type pdf)
 <use nllplot4-25.pdf>
Package pdftex.def Info: nllplot4-25.pdf used on input line 573.
(pdftex.def)             Requested size: 155.99762pt x 116.99742pt.

<nllplot5-25.pdf, id=200, 455.2441pt x 341.43306pt>
File: nllplot5-25.pdf Graphic file (type pdf)
 <use nllplot5-25.pdf>
Package pdftex.def Info: nllplot5-25.pdf used on input line 578.
(pdftex.def)             Requested size: 155.99762pt x 116.99742pt.

<nllplot6-25.pdf, id=201, 455.2441pt x 341.43306pt>
File: nllplot6-25.pdf Graphic file (type pdf)
 <use nllplot6-25.pdf>
Package pdftex.def Info: nllplot6-25.pdf used on input line 588.
(pdftex.def)             Requested size: 155.99762pt x 116.99742pt.

<nllplot7-25.pdf, id=202, 455.2441pt x 341.43306pt>
File: nllplot7-25.pdf Graphic file (type pdf)
 <use nllplot7-25.pdf>
Package pdftex.def Info: nllplot7-25.pdf used on input line 593.
(pdftex.def)             Requested size: 155.99762pt x 116.99742pt.

<nllplot8-25.pdf, id=203, 455.2441pt x 341.43306pt>
File: nllplot8-25.pdf Graphic file (type pdf)
 <use nllplot8-25.pdf>
Package pdftex.def Info: nllplot8-25.pdf used on input line 598.
(pdftex.def)             Requested size: 155.99762pt x 116.99742pt.

<nllplot9-25.pdf, id=204, 455.2441pt x 341.43306pt>
File: nllplot9-25.pdf Graphic file (type pdf)
 <use nllplot9-25.pdf>
Package pdftex.def Info: nllplot9-25.pdf used on input line 603.
(pdftex.def)             Requested size: 155.99762pt x 116.99742pt.

<nllplot10-25.pdf, id=205, 455.2441pt x 341.43306pt>
File: nllplot10-25.pdf Graphic file (type pdf)
 <use nllplot10-25.pdf>
Package pdftex.def Info: nllplot10-25.pdf used on input line 608.
(pdftex.def)             Requested size: 155.99762pt x 116.99742pt.

<nllplot11-25.pdf, id=206, 455.2441pt x 341.43306pt>
File: nllplot11-25.pdf Graphic file (type pdf)
 <use nllplot11-25.pdf>
Package pdftex.def Info: nllplot11-25.pdf used on input line 618.
(pdftex.def)             Requested size: 155.99762pt x 116.99742pt.

<nllplot12-25.pdf, id=207, 455.2441pt x 341.43306pt>
File: nllplot12-25.pdf Graphic file (type pdf)
 <use nllplot12-25.pdf>
Package pdftex.def Info: nllplot12-25.pdf used on input line 623.
(pdftex.def)             Requested size: 155.99762pt x 116.99742pt.

<nllplot13-25.pdf, id=208, 455.2441pt x 341.43306pt>
File: nllplot13-25.pdf Graphic file (type pdf)
 <use nllplot13-25.pdf>
Package pdftex.def Info: nllplot13-25.pdf used on input line 629.
(pdftex.def)             Requested size: 155.99762pt x 116.99742pt.

<nllplot14-25.pdf, id=209, 455.2441pt x 341.43306pt>
File: nllplot14-25.pdf Graphic file (type pdf)
 <use nllplot14-25.pdf>
Package pdftex.def Info: nllplot14-25.pdf used on input line 634.
(pdftex.def)             Requested size: 155.99762pt x 116.99742pt.

<nllplot15-25.pdf, id=210, 455.2441pt x 341.43306pt>
File: nllplot15-25.pdf Graphic file (type pdf)
 <use nllplot15-25.pdf>
Package pdftex.def Info: nllplot15-25.pdf used on input line 640.
(pdftex.def)             Requested size: 155.99762pt x 116.99742pt.

<errorcplot1-75.pdf, id=211, 455.2441pt x 341.43306pt>
File: errorcplot1-75.pdf Graphic file (type pdf)

<use errorcplot1-75.pdf>
Package pdftex.def Info: errorcplot1-75.pdf used on input line 652.
(pdftex.def)             Requested size: 155.99762pt x 116.99742pt.

<errorcplot2-75.pdf, id=212, 455.2441pt x 341.43306pt>
File: errorcplot2-75.pdf Graphic file (type pdf)

<use errorcplot2-75.pdf>
Package pdftex.def Info: errorcplot2-75.pdf used on input line 657.
(pdftex.def)             Requested size: 155.99762pt x 116.99742pt.

<errorcplot3-75.pdf, id=213, 455.2441pt x 341.43306pt>
File: errorcplot3-75.pdf Graphic file (type pdf)

<use errorcplot3-75.pdf>
Package pdftex.def Info: errorcplot3-75.pdf used on input line 662.
(pdftex.def)             Requested size: 155.99762pt x 116.99742pt.

<errorcplot4-75.pdf, id=214, 455.2441pt x 341.43306pt>
File: errorcplot4-75.pdf Graphic file (type pdf)

<use errorcplot4-75.pdf>
Package pdftex.def Info: errorcplot4-75.pdf used on input line 667.
(pdftex.def)             Requested size: 155.99762pt x 116.99742pt.

<errorcplot5-75.pdf, id=215, 455.2441pt x 341.43306pt>
File: errorcplot5-75.pdf Graphic file (type pdf)

<use errorcplot5-75.pdf>
Package pdftex.def Info: errorcplot5-75.pdf used on input line 672.
(pdftex.def)             Requested size: 155.99762pt x 116.99742pt.

<errorcplot6-75.pdf, id=216, 455.2441pt x 341.43306pt>
File: errorcplot6-75.pdf Graphic file (type pdf)

<use errorcplot6-75.pdf>
Package pdftex.def Info: errorcplot6-75.pdf used on input line 682.
(pdftex.def)             Requested size: 155.99762pt x 116.99742pt.

<errorcplot7-75.pdf, id=217, 455.2441pt x 341.43306pt>
File: errorcplot7-75.pdf Graphic file (type pdf)

<use errorcplot7-75.pdf>
Package pdftex.def Info: errorcplot7-75.pdf used on input line 687.
(pdftex.def)             Requested size: 155.99762pt x 116.99742pt.

<errorcplot8-75.pdf, id=218, 455.2441pt x 341.43306pt>
File: errorcplot8-75.pdf Graphic file (type pdf)

<use errorcplot8-75.pdf>
Package pdftex.def Info: errorcplot8-75.pdf used on input line 692.
(pdftex.def)             Requested size: 155.99762pt x 116.99742pt.

<errorcplot9-75.pdf, id=219, 455.2441pt x 341.43306pt>
File: errorcplot9-75.pdf Graphic file (type pdf)

<use errorcplot9-75.pdf>
Package pdftex.def Info: errorcplot9-75.pdf used on input line 697.
(pdftex.def)             Requested size: 155.99762pt x 116.99742pt.
File: errorcplot10-75.pdf Graphic file (type pdf)
 <use errorcplot10-75.pdf>
Package pdftex.def Info: errorcplot10-75.pdf used on input line 702.
(pdftex.def)             Requested size: 155.99762pt x 116.99742pt.

<errorcplot11-75.pdf, id=220, 455.2441pt x 341.43306pt>
File: errorcplot11-75.pdf Graphic file (type pdf)

<use errorcplot11-75.pdf>
Package pdftex.def Info: errorcplot11-75.pdf used on input line 712.
(pdftex.def)             Requested size: 155.99762pt x 116.99742pt.

<errorcplot12-75.pdf, id=221, 455.2441pt x 341.43306pt>
File: errorcplot12-75.pdf Graphic file (type pdf)

<use errorcplot12-75.pdf>
Package pdftex.def Info: errorcplot12-75.pdf used on input line 717.
(pdftex.def)             Requested size: 155.99762pt x 116.99742pt.

<errorcplot13-75.pdf, id=222, 455.2441pt x 341.43306pt>
File: errorcplot13-75.pdf Graphic file (type pdf)

<use errorcplot13-75.pdf>
Package pdftex.def Info: errorcplot13-75.pdf used on input line 723.
(pdftex.def)             Requested size: 155.99762pt x 116.99742pt.

<errorcplot14-75.pdf, id=223, 455.2441pt x 341.43306pt>
File: errorcplot14-75.pdf Graphic file (type pdf)

<use errorcplot14-75.pdf>
Package pdftex.def Info: errorcplot14-75.pdf used on input line 728.
(pdftex.def)             Requested size: 155.99762pt x 116.99742pt.

<errorcplot15-75.pdf, id=224, 455.2441pt x 341.43306pt>
File: errorcplot15-75.pdf Graphic file (type pdf)

<use errorcplot15-75.pdf>
Package pdftex.def Info: errorcplot15-75.pdf used on input line 734.
(pdftex.def)             Requested size: 155.99762pt x 116.99742pt.

<trueerrorplot1-75.pdf, id=225, 455.2441pt x 341.43306pt>
File: trueerrorplot1-75.pdf Graphic file (type pdf)

<use trueerrorplot1-75.pdf>
Package pdftex.def Info: trueerrorplot1-75.pdf used on input line 746.
(pdftex.def)             Requested size: 155.99762pt x 116.99742pt.

<trueerrorplot2-75.pdf, id=226, 455.2441pt x 341.43306pt>
File: trueerrorplot2-75.pdf Graphic file (type pdf)

<use trueerrorplot2-75.pdf>
Package pdftex.def Info: trueerrorplot2-75.pdf used on input line 751.
(pdftex.def)             Requested size: 155.99762pt x 116.99742pt.

<trueerrorplot3-75.pdf, id=227, 455.2441pt x 341.43306pt>
File: trueerrorplot3-75.pdf Graphic file (type pdf)

<use trueerrorplot3-75.pdf>
Package pdftex.def Info: trueerrorplot3-75.pdf used on input line 756.
(pdftex.def)             Requested size: 155.99762pt x 116.99742pt.

<trueerrorplot4-75.pdf, id=228, 455.2441pt x 341.43306pt>
File: trueerrorplot4-75.pdf Graphic file (type pdf)

<use trueerrorplot4-75.pdf>
Package pdftex.def Info: trueerrorplot4-75.pdf used on input line 761.
(pdftex.def)             Requested size: 155.99762pt x 116.99742pt.

<trueerrorplot5-75.pdf, id=229, 455.2441pt x 341.43306pt>
File: trueerrorplot5-75.pdf Graphic file (type pdf)

<use trueerrorplot5-75.pdf>
Package pdftex.def Info: trueerrorplot5-75.pdf used on input line 766.
(pdftex.def)             Requested size: 155.99762pt x 116.99742pt.

<trueerrorplot6-75.pdf, id=230, 455.2441pt x 341.43306pt>
File: trueerrorplot6-75.pdf Graphic file (type pdf)

<use trueerrorplot6-75.pdf>
Package pdftex.def Info: trueerrorplot6-75.pdf used on input line 776.
(pdftex.def)             Requested size: 155.99762pt x 116.99742pt.

<trueerrorplot7-75.pdf, id=231, 455.2441pt x 341.43306pt>
File: trueerrorplot7-75.pdf Graphic file (type pdf)

<use trueerrorplot7-75.pdf>
Package pdftex.def Info: trueerrorplot7-75.pdf used on input line 781.
(pdftex.def)             Requested size: 155.99762pt x 116.99742pt.

<trueerrorplot8-75.pdf, id=232, 455.2441pt x 341.43306pt>
File: trueerrorplot8-75.pdf Graphic file (type pdf)

<use trueerrorplot8-75.pdf>
Package pdftex.def Info: trueerrorplot8-75.pdf used on input line 786.
(pdftex.def)             Requested size: 155.99762pt x 116.99742pt.

<trueerrorplot9-75.pdf, id=233, 455.2441pt x 341.43306pt>
File: trueerrorplot9-75.pdf Graphic file (type pdf)

<use trueerrorplot9-75.pdf>
Package pdftex.def Info: trueerrorplot9-75.pdf used on input line 791.
(pdftex.def)             Requested size: 155.99762pt x 116.99742pt.
File: trueerrorplot10-75.pdf Graphic file (type pdf)
 <use trueerrorplot10-75.pdf>
Package pdftex.def Info: trueerrorplot10-75.pdf used on input line 796.
(pdftex.def)             Requested size: 155.99762pt x 116.99742pt.

<trueerrorplot11-75.pdf, id=234, 455.2441pt x 341.43306pt>
File: trueerrorplot11-75.pdf Graphic file (type pdf)

<use trueerrorplot11-75.pdf>
Package pdftex.def Info: trueerrorplot11-75.pdf used on input line 806.
(pdftex.def)             Requested size: 155.99762pt x 116.99742pt.

<trueerrorplot12-75.pdf, id=235, 455.2441pt x 341.43306pt>
File: trueerrorplot12-75.pdf Graphic file (type pdf)

<use trueerrorplot12-75.pdf>
Package pdftex.def Info: trueerrorplot12-75.pdf used on input line 811.
(pdftex.def)             Requested size: 155.99762pt x 116.99742pt.

<trueerrorplot13-75.pdf, id=236, 455.2441pt x 341.43306pt>
File: trueerrorplot13-75.pdf Graphic file (type pdf)

<use trueerrorplot13-75.pdf>
Package pdftex.def Info: trueerrorplot13-75.pdf used on input line 817.
(pdftex.def)             Requested size: 155.99762pt x 116.99742pt.

<trueerrorplot14-75.pdf, id=237, 455.2441pt x 341.43306pt>
File: trueerrorplot14-75.pdf Graphic file (type pdf)

<use trueerrorplot14-75.pdf>
Package pdftex.def Info: trueerrorplot14-75.pdf used on input line 822.
(pdftex.def)             Requested size: 155.99762pt x 116.99742pt.

<trueerrorplot15-75.pdf, id=238, 455.2441pt x 341.43306pt>
File: trueerrorplot15-75.pdf Graphic file (type pdf)

<use trueerrorplot15-75.pdf>
Package pdftex.def Info: trueerrorplot15-75.pdf used on input line 828.
(pdftex.def)             Requested size: 155.99762pt x 116.99742pt.

<nllplot1-75.pdf, id=239, 455.2441pt x 341.43306pt>
File: nllplot1-75.pdf Graphic file (type pdf)
 <use nllplot1-75.pdf>
Package pdftex.def Info: nllplot1-75.pdf used on input line 839.
(pdftex.def)             Requested size: 155.99762pt x 116.99742pt.

<nllplot2-75.pdf, id=240, 455.2441pt x 341.43306pt>
File: nllplot2-75.pdf Graphic file (type pdf)
 <use nllplot2-75.pdf>
Package pdftex.def Info: nllplot2-75.pdf used on input line 844.
(pdftex.def)             Requested size: 155.99762pt x 116.99742pt.

<nllplot3-75.pdf, id=241, 455.2441pt x 341.43306pt>
File: nllplot3-75.pdf Graphic file (type pdf)
 <use nllplot3-75.pdf>
Package pdftex.def Info: nllplot3-75.pdf used on input line 849.
(pdftex.def)             Requested size: 155.99762pt x 116.99742pt.

<nllplot4-75.pdf, id=242, 455.2441pt x 341.43306pt>
File: nllplot4-75.pdf Graphic file (type pdf)
 <use nllplot4-75.pdf>
Package pdftex.def Info: nllplot4-75.pdf used on input line 854.
(pdftex.def)             Requested size: 155.99762pt x 116.99742pt.

<nllplot5-75.pdf, id=243, 455.2441pt x 341.43306pt>
File: nllplot5-75.pdf Graphic file (type pdf)
 <use nllplot5-75.pdf>
Package pdftex.def Info: nllplot5-75.pdf used on input line 859.
(pdftex.def)             Requested size: 155.99762pt x 116.99742pt.

<nllplot6-75.pdf, id=244, 455.2441pt x 341.43306pt>
File: nllplot6-75.pdf Graphic file (type pdf)
 <use nllplot6-75.pdf>
Package pdftex.def Info: nllplot6-75.pdf used on input line 869.
(pdftex.def)             Requested size: 155.99762pt x 116.99742pt.

<nllplot7-75.pdf, id=245, 455.2441pt x 341.43306pt>
File: nllplot7-75.pdf Graphic file (type pdf)
 <use nllplot7-75.pdf>
Package pdftex.def Info: nllplot7-75.pdf used on input line 874.
(pdftex.def)             Requested size: 155.99762pt x 116.99742pt.

<nllplot8-75.pdf, id=246, 455.2441pt x 341.43306pt>
File: nllplot8-75.pdf Graphic file (type pdf)
 <use nllplot8-75.pdf>
Package pdftex.def Info: nllplot8-75.pdf used on input line 879.
(pdftex.def)             Requested size: 155.99762pt x 116.99742pt.

<nllplot9-75.pdf, id=247, 455.2441pt x 341.43306pt>
File: nllplot9-75.pdf Graphic file (type pdf)
 <use nllplot9-75.pdf>
Package pdftex.def Info: nllplot9-75.pdf used on input line 884.
(pdftex.def)             Requested size: 155.99762pt x 116.99742pt.

<nllplot10-75.pdf, id=248, 455.2441pt x 341.43306pt>
File: nllplot10-75.pdf Graphic file (type pdf)
 <use nllplot10-75.pdf>
Package pdftex.def Info: nllplot10-75.pdf used on input line 889.
(pdftex.def)             Requested size: 155.99762pt x 116.99742pt.

<nllplot11-75.pdf, id=249, 455.2441pt x 341.43306pt>
File: nllplot11-75.pdf Graphic file (type pdf)
 <use nllplot11-75.pdf>
Package pdftex.def Info: nllplot11-75.pdf used on input line 899.
(pdftex.def)             Requested size: 155.99762pt x 116.99742pt.

<nllplot12-75.pdf, id=250, 455.2441pt x 341.43306pt>
File: nllplot12-75.pdf Graphic file (type pdf)
 <use nllplot12-75.pdf>
Package pdftex.def Info: nllplot12-75.pdf used on input line 904.
(pdftex.def)             Requested size: 155.99762pt x 116.99742pt.

<nllplot13-75.pdf, id=251, 455.2441pt x 341.43306pt>
File: nllplot13-75.pdf Graphic file (type pdf)
 <use nllplot13-75.pdf>
Package pdftex.def Info: nllplot13-75.pdf used on input line 910.
(pdftex.def)             Requested size: 155.99762pt x 116.99742pt.

<nllplot14-75.pdf, id=252, 455.2441pt x 341.43306pt>
File: nllplot14-75.pdf Graphic file (type pdf)
 <use nllplot14-75.pdf>
Package pdftex.def Info: nllplot14-75.pdf used on input line 915.
(pdftex.def)             Requested size: 155.99762pt x 116.99742pt.

<nllplot15-75.pdf, id=253, 455.2441pt x 341.43306pt>
File: nllplot15-75.pdf Graphic file (type pdf)
 <use nllplot15-75.pdf>
Package pdftex.def Info: nllplot15-75.pdf used on input line 921.
(pdftex.def)             Requested size: 155.99762pt x 116.99742pt.
Package atveryend Info: Empty hook `BeforeClearDocument' on input line 929.


Package Fancyhdr Warning: \headheight is too small (12.0pt): 
 Make it at least 14.49998pt.
 We now make it that large for the rest of the document.
 This may cause the page layout to be inconsistent, however.

[10]

Package Fancyhdr Warning: \headheight is too small (12.0pt): 
 Make it at least 14.49998pt.
 We now make it that large for the rest of the document.
 This may cause the page layout to be inconsistent, however.

[11 <./errorcplot1-25.pdf> <./errorcplot2-25.pdf

pdfTeX warning: pdflatex (file ./errorcplot2-25.pdf): PDF inclusion: multiple p
dfs with page group included in a single page
> <./errorcplot3-25.pdf

pdfTeX warning: pdflatex (file ./errorcplot3-25.pdf): PDF inclusion: multiple p
dfs with page group included in a single page
> <./errorcplot4-25.pdf

pdfTeX warning: pdflatex (file ./errorcplot4-25.pdf): PDF inclusion: multiple p
dfs with page group included in a single page
> <./errorcplot5-25.pdf

pdfTeX warning: pdflatex (file ./errorcplot5-25.pdf): PDF inclusion: multiple p
dfs with page group included in a single page
>]

Package Fancyhdr Warning: \headheight is too small (12.0pt): 
 Make it at least 14.49998pt.
 We now make it that large for the rest of the document.
 This may cause the page layout to be inconsistent, however.

[12 <./errorcplot6-25.pdf> <./errorcplot7-25.pdf

pdfTeX warning: pdflatex (file ./errorcplot7-25.pdf): PDF inclusion: multiple p
dfs with page group included in a single page
> <./errorcplot8-25.pdf

pdfTeX warning: pdflatex (file ./errorcplot8-25.pdf): PDF inclusion: multiple p
dfs with page group included in a single page
> <./errorcplot9-25.pdf

pdfTeX warning: pdflatex (file ./errorcplot9-25.pdf): PDF inclusion: multiple p
dfs with page group included in a single page
> <./errorcplot10-25.pdf

pdfTeX warning: pdflatex (file ./errorcplot10-25.pdf): PDF inclusion: multiple 
pdfs with page group included in a single page
>]

Package Fancyhdr Warning: \headheight is too small (12.0pt): 
 Make it at least 14.49998pt.
 We now make it that large for the rest of the document.
 This may cause the page layout to be inconsistent, however.

[13 <./errorcplot12-25.pdf> <./errorcplot13-25.pdf

pdfTeX warning: pdflatex (file ./errorcplot13-25.pdf): PDF inclusion: multiple 
pdfs with page group included in a single page
> <./errorcplot14-25.pdf

pdfTeX warning: pdflatex (file ./errorcplot14-25.pdf): PDF inclusion: multiple 
pdfs with page group included in a single page
> <./errorcplot15-25.pdf

pdfTeX warning: pdflatex (file ./errorcplot15-25.pdf): PDF inclusion: multiple 
pdfs with page group included in a single page
>]

Package Fancyhdr Warning: \headheight is too small (12.0pt): 
 Make it at least 14.49998pt.
 We now make it that large for the rest of the document.
 This may cause the page layout to be inconsistent, however.

[14 <./trueerrorplot1-25.pdf> <./trueerrorplot2-25.pdf

pdfTeX warning: pdflatex (file ./trueerrorplot2-25.pdf): PDF inclusion: multipl
e pdfs with page group included in a single page
> <./trueerrorplot3-25.pdf

pdfTeX warning: pdflatex (file ./trueerrorplot3-25.pdf): PDF inclusion: multipl
e pdfs with page group included in a single page
> <./trueerrorplot4-25.pdf

pdfTeX warning: pdflatex (file ./trueerrorplot4-25.pdf): PDF inclusion: multipl
e pdfs with page group included in a single page
> <./trueerrorplot5-25.pdf

pdfTeX warning: pdflatex (file ./trueerrorplot5-25.pdf): PDF inclusion: multipl
e pdfs with page group included in a single page
>]

Package Fancyhdr Warning: \headheight is too small (12.0pt): 
 Make it at least 14.49998pt.
 We now make it that large for the rest of the document.
 This may cause the page layout to be inconsistent, however.

[15 <./trueerrorplot6-25.pdf> <./trueerrorplot7-25.pdf

pdfTeX warning: pdflatex (file ./trueerrorplot7-25.pdf): PDF inclusion: multipl
e pdfs with page group included in a single page
> <./trueerrorplot8-25.pdf

pdfTeX warning: pdflatex (file ./trueerrorplot8-25.pdf): PDF inclusion: multipl
e pdfs with page group included in a single page
> <./trueerrorplot9-25.pdf

pdfTeX warning: pdflatex (file ./trueerrorplot9-25.pdf): PDF inclusion: multipl
e pdfs with page group included in a single page
> <./trueerrorplot10-25.pdf

pdfTeX warning: pdflatex (file ./trueerrorplot10-25.pdf): PDF inclusion: multip
le pdfs with page group included in a single page
>]

Package Fancyhdr Warning: \headheight is too small (12.0pt): 
 Make it at least 14.49998pt.
 We now make it that large for the rest of the document.
 This may cause the page layout to be inconsistent, however.

[16 <./trueerrorplot12-25.pdf> <./trueerrorplot13-25.pdf

pdfTeX warning: pdflatex (file ./trueerrorplot13-25.pdf): PDF inclusion: multip
le pdfs with page group included in a single page
> <./trueerrorplot14-25.pdf

pdfTeX warning: pdflatex (file ./trueerrorplot14-25.pdf): PDF inclusion: multip
le pdfs with page group included in a single page
> <./trueerrorplot15-25.pdf

pdfTeX warning: pdflatex (file ./trueerrorplot15-25.pdf): PDF inclusion: multip
le pdfs with page group included in a single page
>]

Package Fancyhdr Warning: \headheight is too small (12.0pt): 
 Make it at least 14.49998pt.
 We now make it that large for the rest of the document.
 This may cause the page layout to be inconsistent, however.

[17 <./nllplot1-25.pdf> <./nllplot2-25.pdf

pdfTeX warning: pdflatex (file ./nllplot2-25.pdf): PDF inclusion: multiple pdfs
 with page group included in a single page
> <./nllplot3-25.pdf

pdfTeX warning: pdflatex (file ./nllplot3-25.pdf): PDF inclusion: multiple pdfs
 with page group included in a single page
> <./nllplot4-25.pdf

pdfTeX warning: pdflatex (file ./nllplot4-25.pdf): PDF inclusion: multiple pdfs
 with page group included in a single page
> <./nllplot5-25.pdf

pdfTeX warning: pdflatex (file ./nllplot5-25.pdf): PDF inclusion: multiple pdfs
 with page group included in a single page
>]

Package Fancyhdr Warning: \headheight is too small (12.0pt): 
 Make it at least 14.49998pt.
 We now make it that large for the rest of the document.
 This may cause the page layout to be inconsistent, however.

[18 <./nllplot6-25.pdf> <./nllplot7-25.pdf

pdfTeX warning: pdflatex (file ./nllplot7-25.pdf): PDF inclusion: multiple pdfs
 with page group included in a single page
> <./nllplot8-25.pdf

pdfTeX warning: pdflatex (file ./nllplot8-25.pdf): PDF inclusion: multiple pdfs
 with page group included in a single page
> <./nllplot9-25.pdf

pdfTeX warning: pdflatex (file ./nllplot9-25.pdf): PDF inclusion: multiple pdfs
 with page group included in a single page
> <./nllplot10-25.pdf

pdfTeX warning: pdflatex (file ./nllplot10-25.pdf): PDF inclusion: multiple pdf
s with page group included in a single page
>]

Package Fancyhdr Warning: \headheight is too small (12.0pt): 
 Make it at least 14.49998pt.
 We now make it that large for the rest of the document.
 This may cause the page layout to be inconsistent, however.

[19 <./nllplot11-25.pdf> <./nllplot12-25.pdf

pdfTeX warning: pdflatex (file ./nllplot12-25.pdf): PDF inclusion: multiple pdf
s with page group included in a single page
> <./nllplot13-25.pdf

pdfTeX warning: pdflatex (file ./nllplot13-25.pdf): PDF inclusion: multiple pdf
s with page group included in a single page
> <./nllplot14-25.pdf

pdfTeX warning: pdflatex (file ./nllplot14-25.pdf): PDF inclusion: multiple pdf
s with page group included in a single page
> <./nllplot15-25.pdf

pdfTeX warning: pdflatex (file ./nllplot15-25.pdf): PDF inclusion: multiple pdf
s with page group included in a single page
>]

Package Fancyhdr Warning: \headheight is too small (12.0pt): 
 Make it at least 14.49998pt.
 We now make it that large for the rest of the document.
 This may cause the page layout to be inconsistent, however.

[20 <./errorcplot1-75.pdf> <./errorcplot2-75.pdf

pdfTeX warning: pdflatex (file ./errorcplot2-75.pdf): PDF inclusion: multiple p
dfs with page group included in a single page
> <./errorcplot3-75.pdf

pdfTeX warning: pdflatex (file ./errorcplot3-75.pdf): PDF inclusion: multiple p
dfs with page group included in a single page
> <./errorcplot4-75.pdf

pdfTeX warning: pdflatex (file ./errorcplot4-75.pdf): PDF inclusion: multiple p
dfs with page group included in a single page
> <./errorcplot5-75.pdf

pdfTeX warning: pdflatex (file ./errorcplot5-75.pdf): PDF inclusion: multiple p
dfs with page group included in a single page
>]

Package Fancyhdr Warning: \headheight is too small (12.0pt): 
 Make it at least 14.49998pt.
 We now make it that large for the rest of the document.
 This may cause the page layout to be inconsistent, however.

[21 <./errorcplot6-75.pdf> <./errorcplot7-75.pdf

pdfTeX warning: pdflatex (file ./errorcplot7-75.pdf): PDF inclusion: multiple p
dfs with page group included in a single page
> <./errorcplot8-75.pdf

pdfTeX warning: pdflatex (file ./errorcplot8-75.pdf): PDF inclusion: multiple p
dfs with page group included in a single page
> <./errorcplot9-75.pdf

pdfTeX warning: pdflatex (file ./errorcplot9-75.pdf): PDF inclusion: multiple p
dfs with page group included in a single page
>]

Package Fancyhdr Warning: \headheight is too small (12.0pt): 
 Make it at least 14.49998pt.
 We now make it that large for the rest of the document.
 This may cause the page layout to be inconsistent, however.

[22 <./errorcplot11-75.pdf> <./errorcplot12-75.pdf

pdfTeX warning: pdflatex (file ./errorcplot12-75.pdf): PDF inclusion: multiple 
pdfs with page group included in a single page
> <./errorcplot13-75.pdf

pdfTeX warning: pdflatex (file ./errorcplot13-75.pdf): PDF inclusion: multiple 
pdfs with page group included in a single page
> <./errorcplot14-75.pdf

pdfTeX warning: pdflatex (file ./errorcplot14-75.pdf): PDF inclusion: multiple 
pdfs with page group included in a single page
> <./errorcplot15-75.pdf

pdfTeX warning: pdflatex (file ./errorcplot15-75.pdf): PDF inclusion: multiple 
pdfs with page group included in a single page
>]

Package Fancyhdr Warning: \headheight is too small (12.0pt): 
 Make it at least 14.49998pt.
 We now make it that large for the rest of the document.
 This may cause the page layout to be inconsistent, however.

[23 <./trueerrorplot1-75.pdf> <./trueerrorplot2-75.pdf

pdfTeX warning: pdflatex (file ./trueerrorplot2-75.pdf): PDF inclusion: multipl
e pdfs with page group included in a single page
> <./trueerrorplot3-75.pdf

pdfTeX warning: pdflatex (file ./trueerrorplot3-75.pdf): PDF inclusion: multipl
e pdfs with page group included in a single page
> <./trueerrorplot4-75.pdf

pdfTeX warning: pdflatex (file ./trueerrorplot4-75.pdf): PDF inclusion: multipl
e pdfs with page group included in a single page
> <./trueerrorplot5-75.pdf

pdfTeX warning: pdflatex (file ./trueerrorplot5-75.pdf): PDF inclusion: multipl
e pdfs with page group included in a single page
>]

Package Fancyhdr Warning: \headheight is too small (12.0pt): 
 Make it at least 14.49998pt.
 We now make it that large for the rest of the document.
 This may cause the page layout to be inconsistent, however.

[24 <./trueerrorplot6-75.pdf> <./trueerrorplot7-75.pdf

pdfTeX warning: pdflatex (file ./trueerrorplot7-75.pdf): PDF inclusion: multipl
e pdfs with page group included in a single page
> <./trueerrorplot8-75.pdf

pdfTeX warning: pdflatex (file ./trueerrorplot8-75.pdf): PDF inclusion: multipl
e pdfs with page group included in a single page
> <./trueerrorplot9-75.pdf

pdfTeX warning: pdflatex (file ./trueerrorplot9-75.pdf): PDF inclusion: multipl
e pdfs with page group included in a single page
>]

Package Fancyhdr Warning: \headheight is too small (12.0pt): 
 Make it at least 14.49998pt.
 We now make it that large for the rest of the document.
 This may cause the page layout to be inconsistent, however.

[25 <./trueerrorplot11-75.pdf> <./trueerrorplot12-75.pdf

pdfTeX warning: pdflatex (file ./trueerrorplot12-75.pdf): PDF inclusion: multip
le pdfs with page group included in a single page
> <./trueerrorplot13-75.pdf

pdfTeX warning: pdflatex (file ./trueerrorplot13-75.pdf): PDF inclusion: multip
le pdfs with page group included in a single page
> <./trueerrorplot14-75.pdf

pdfTeX warning: pdflatex (file ./trueerrorplot14-75.pdf): PDF inclusion: multip
le pdfs with page group included in a single page
> <./trueerrorplot15-75.pdf

pdfTeX warning: pdflatex (file ./trueerrorplot15-75.pdf): PDF inclusion: multip
le pdfs with page group included in a single page
>]

Package Fancyhdr Warning: \headheight is too small (12.0pt): 
 Make it at least 14.49998pt.
 We now make it that large for the rest of the document.
 This may cause the page layout to be inconsistent, however.

[26 <./nllplot1-75.pdf> <./nllplot2-75.pdf

pdfTeX warning: pdflatex (file ./nllplot2-75.pdf): PDF inclusion: multiple pdfs
 with page group included in a single page
> <./nllplot3-75.pdf

pdfTeX warning: pdflatex (file ./nllplot3-75.pdf): PDF inclusion: multiple pdfs
 with page group included in a single page
> <./nllplot4-75.pdf

pdfTeX warning: pdflatex (file ./nllplot4-75.pdf): PDF inclusion: multiple pdfs
 with page group included in a single page
> <./nllplot5-75.pdf

pdfTeX warning: pdflatex (file ./nllplot5-75.pdf): PDF inclusion: multiple pdfs
 with page group included in a single page
>]

Package Fancyhdr Warning: \headheight is too small (12.0pt): 
 Make it at least 14.49998pt.
 We now make it that large for the rest of the document.
 This may cause the page layout to be inconsistent, however.

[27 <./nllplot6-75.pdf> <./nllplot7-75.pdf

pdfTeX warning: pdflatex (file ./nllplot7-75.pdf): PDF inclusion: multiple pdfs
 with page group included in a single page
> <./nllplot8-75.pdf

pdfTeX warning: pdflatex (file ./nllplot8-75.pdf): PDF inclusion: multiple pdfs
 with page group included in a single page
> <./nllplot9-75.pdf

pdfTeX warning: pdflatex (file ./nllplot9-75.pdf): PDF inclusion: multiple pdfs
 with page group included in a single page
> <./nllplot10-75.pdf

pdfTeX warning: pdflatex (file ./nllplot10-75.pdf): PDF inclusion: multiple pdf
s with page group included in a single page
>]

Package Fancyhdr Warning: \headheight is too small (12.0pt): 
 Make it at least 14.49998pt.
 We now make it that large for the rest of the document.
 This may cause the page layout to be inconsistent, however.

[28 <./nllplot11-75.pdf> <./nllplot12-75.pdf

pdfTeX warning: pdflatex (file ./nllplot12-75.pdf): PDF inclusion: multiple pdf
s with page group included in a single page
> <./nllplot13-75.pdf

pdfTeX warning: pdflatex (file ./nllplot13-75.pdf): PDF inclusion: multiple pdf
s with page group included in a single page
> <./nllplot14-75.pdf

pdfTeX warning: pdflatex (file ./nllplot14-75.pdf): PDF inclusion: multiple pdf
s with page group included in a single page
> <./nllplot15-75.pdf

pdfTeX warning: pdflatex (file ./nllplot15-75.pdf): PDF inclusion: multiple pdf
s with page group included in a single page
>]
Package atveryend Info: Empty hook `AfterLastShipout' on input line 929.
 (./SR,TA,AS,RB - HW2Hidimdata.aux)
Package atveryend Info: Executing hook `AtVeryEndDocument' on input line 929.
Package atveryend Info: Executing hook `AtEndAfterFileList' on input line 929.
Package rerunfilecheck Info: File `"SR,TA,AS,RB - HW2Hidimdata".out' has not ch
anged.
(rerunfilecheck)             Checksum: D41D8CD98F00B204E9800998ECF8427E;0.


LaTeX Warning: There were multiply-defined labels.

Package atveryend Info: Empty hook `AtVeryVeryEnd' on input line 929.
 ) 
Here is how much of TeX's memory you used:
 8516 strings out of 493117
 131064 string characters out of 6135433
 252624 words of memory out of 5000000
 11738 multiletter control sequences out of 15000+600000
 12541 words of font info for 49 fonts, out of 8000000 for 9000
 1141 hyphenation exceptions out of 8191
 36i,12n,43p,399b,508s stack positions out of 5000i,500n,10000p,200000b,80000s
</usr/local/texlive/2014/texmf-dist/fonts/type1/public/amsfonts/cm/cmbx12.pfb
></usr/local/texlive/2014/texmf-dist/fonts/type1/public/amsfonts/cm/cmex10.pfb>
</usr/local/texlive/2014/texmf-dist/fonts/type1/public/amsfonts/cm/cmmi10.pfb><
/usr/local/texlive/2014/texmf-dist/fonts/type1/public/amsfonts/cm/cmmi12.pfb></
usr/local/texlive/2014/texmf-dist/fonts/type1/public/amsfonts/cm/cmmi6.pfb></us
r/local/texlive/2014/texmf-dist/fonts/type1/public/amsfonts/cm/cmmi8.pfb></usr/
local/texlive/2014/texmf-dist/fonts/type1/public/amsfonts/cm/cmr10.pfb></usr/lo
cal/texlive/2014/texmf-dist/fonts/type1/public/amsfonts/cm/cmr12.pfb></usr/loca
l/texlive/2014/texmf-dist/fonts/type1/public/amsfonts/cm/cmr8.pfb></usr/local/t
exlive/2014/texmf-dist/fonts/type1/public/amsfonts/cm/cmsy10.pfb></usr/local/te
xlive/2014/texmf-dist/fonts/type1/public/amsfonts/cm/cmsy6.pfb></usr/local/texl
ive/2014/texmf-dist/fonts/type1/public/amsfonts/cm/cmsy8.pfb></usr/local/texliv
e/2014/texmf-dist/fonts/type1/public/amsfonts/cm/cmti12.pfb></usr/local/texlive
/2014/texmf-dist/fonts/type1/public/amsfonts/cm/cmtt12.pfb></usr/local/texlive/
2014/texmf-dist/fonts/type1/public/amsfonts/symbols/msbm10.pfb>
Output written on "SR,TA,AS,RB - HW2Hidimdata.pdf" (28 pages, 2357166 bytes).
PDF statistics:
 1730 PDF objects out of 2073 (max. 8388607)
 1213 compressed objects within 13 object streams
 54 named destinations out of 1000 (max. 500000)
 461 words of extra memory for PDF output out of 10000 (max. 10000000)

